[0.464s] Invoking command in '/home/gennadii/TrueTech/task1/SonicHedgehog/build/sonic_hedgehog': AMENT_PREFIX_PATH=/home/gennadii/TrueTech/task1/SonicHedgehog/install/webots_adapter:/home/gennadii/TrueTech/task1/SonicHedgehog/install/visualization:/home/gennadii/TrueTech/task1/SonicHedgehog/install/slam_toolbox_interface:/home/gennadii/TrueTech/task1/SonicHedgehog/install/sonic_hedgehog:/opt/ros/jazzy CONDA_PROMPT_MODIFIER=(sonic) DEBUGINFOD_URLS=https://debuginfod.ubuntu.com PYTHONPATH=/home/gennadii/TrueTech/task1/SonicHedgehog/build/sonic_hedgehog/prefix_override:/home/gennadii/miniconda3/envs/sonic/lib/python3.12/site-packages/colcon_core/task/python/colcon_distutils_commands:/home/gennadii/TrueTech/task1/SonicHedgehog/install/sonic_hedgehog/lib/python3.12/site-packages:/home/gennadii/TrueTech/task1/SonicHedgehog/build/webots_adapter:/home/gennadii/TrueTech/task1/SonicHedgehog/install/webots_adapter/lib/python3.12/site-packages:/home/gennadii/TrueTech/task1/SonicHedgehog/build/visualization:/home/gennadii/TrueTech/task1/SonicHedgehog/install/visualization/lib/python3.12/site-packages:/home/gennadii/TrueTech/task1/SonicHedgehog/build/slam_toolbox_interface:/home/gennadii/TrueTech/task1/SonicHedgehog/install/slam_toolbox_interface/lib/python3.12/site-packages:/home/gennadii/TrueTech/task1/SonicHedgehog/build/sonic_hedgehog:/home/gennadii/TrueTech/task1/SonicHedgehog/install/sonic_hedgehog/lib/python3.12/site-packages:/opt/ros/jazzy/lib/python3.12/site-packages /home/gennadii/miniconda3/envs/sonic/bin/python3.12 -W ignore:setup.py install is deprecated -W ignore:easy_install command is deprecated setup.py develop --editable --build-directory /home/gennadii/TrueTech/task1/SonicHedgehog/build/sonic_hedgehog/build --no-deps symlink_data
[0.637s] running develop
[0.718s] running egg_info
[0.726s] creating sonic_hedgehog.egg-info
[0.726s] writing sonic_hedgehog.egg-info/PKG-INFO
[0.726s] writing dependency_links to sonic_hedgehog.egg-info/dependency_links.txt
[0.726s] writing requirements to sonic_hedgehog.egg-info/requires.txt
[0.726s] writing top-level names to sonic_hedgehog.egg-info/top_level.txt
[0.727s] writing manifest file 'sonic_hedgehog.egg-info/SOURCES.txt'
[0.736s] reading manifest file 'sonic_hedgehog.egg-info/SOURCES.txt'
[0.737s] writing manifest file 'sonic_hedgehog.egg-info/SOURCES.txt'
[0.746s] running build_ext
[0.755s] Creating /home/gennadii/TrueTech/task1/SonicHedgehog/install/sonic_hedgehog/lib/python3.12/site-packages/sonic-hedgehog.egg-link (link to .)
[0.756s] 
[0.756s] Installed /home/gennadii/TrueTech/task1/SonicHedgehog/build/sonic_hedgehog
[0.756s] running symlink_data
[0.756s] creating /home/gennadii/TrueTech/task1/SonicHedgehog/install/sonic_hedgehog/share/ament_index/resource_index/packages
[0.757s] symbolically linking /home/gennadii/TrueTech/task1/SonicHedgehog/build/sonic_hedgehog/resource/sonic_hedgehog -> /home/gennadii/TrueTech/task1/SonicHedgehog/install/sonic_hedgehog/share/ament_index/resource_index/packages
[0.757s] symbolically linking /home/gennadii/TrueTech/task1/SonicHedgehog/build/sonic_hedgehog/package.xml -> /home/gennadii/TrueTech/task1/SonicHedgehog/install/sonic_hedgehog/share/sonic_hedgehog
[0.757s] creating /home/gennadii/TrueTech/task1/SonicHedgehog/install/sonic_hedgehog/share/sonic_hedgehog/launch
[0.757s] symbolically linking /home/gennadii/TrueTech/task1/SonicHedgehog/build/sonic_hedgehog/launch/teleop_test.launch.py -> /home/gennadii/TrueTech/task1/SonicHedgehog/install/sonic_hedgehog/share/sonic_hedgehog/launch
[0.757s] creating /home/gennadii/TrueTech/task1/SonicHedgehog/install/sonic_hedgehog/share/sonic_hedgehog/configs
[0.758s] symbolically linking /home/gennadii/TrueTech/task1/SonicHedgehog/build/sonic_hedgehog/configs/slam_toolbox.yaml -> /home/gennadii/TrueTech/task1/SonicHedgehog/install/sonic_hedgehog/share/sonic_hedgehog/configs
[0.758s] symbolically linking /home/gennadii/TrueTech/task1/SonicHedgehog/build/sonic_hedgehog/configs/rviz_config.rviz -> /home/gennadii/TrueTech/task1/SonicHedgehog/install/sonic_hedgehog/share/sonic_hedgehog/configs
[0.758s] symbolically linking /home/gennadii/TrueTech/task1/SonicHedgehog/build/sonic_hedgehog/configs/controller_server.yaml -> /home/gennadii/TrueTech/task1/SonicHedgehog/install/sonic_hedgehog/share/sonic_hedgehog/configs
[0.758s] symbolically linking /home/gennadii/TrueTech/task1/SonicHedgehog/build/sonic_hedgehog/configs/planner_server.yaml -> /home/gennadii/TrueTech/task1/SonicHedgehog/install/sonic_hedgehog/share/sonic_hedgehog/configs
[0.758s] symbolically linking /home/gennadii/TrueTech/task1/SonicHedgehog/build/sonic_hedgehog/configs/diff_drive_controller.yaml -> /home/gennadii/TrueTech/task1/SonicHedgehog/install/sonic_hedgehog/share/sonic_hedgehog/configs
[0.758s] error: can't copy '/home/gennadii/TrueTech/task1/SonicHedgehog/build/sonic_hedgehog/maps/rmap_serial.posegraph': doesn't exist or not a regular file
[0.758s] symbolically linking /home/gennadii/TrueTech/task1/SonicHedgehog/build/sonic_hedgehog/configs/ros2_control.yaml -> /home/gennadii/TrueTech/task1/SonicHedgehog/install/sonic_hedgehog/share/sonic_hedgehog/configs
[0.758s] symbolically linking /home/gennadii/TrueTech/task1/SonicHedgehog/build/sonic_hedgehog/configs/bt_navigator.yaml -> /home/gennadii/TrueTech/task1/SonicHedgehog/install/sonic_hedgehog/share/sonic_hedgehog/configs
[0.758s] symbolically linking /home/gennadii/TrueTech/task1/SonicHedgehog/build/sonic_hedgehog/configs/nav2_config.yaml -> /home/gennadii/TrueTech/task1/SonicHedgehog/install/sonic_hedgehog/share/sonic_hedgehog/configs
[0.758s] creating /home/gennadii/TrueTech/task1/SonicHedgehog/install/sonic_hedgehog/share/sonic_hedgehog/maps
[0.759s] symbolically linking /home/gennadii/TrueTech/task1/SonicHedgehog/build/sonic_hedgehog/maps/map_serial.data -> /home/gennadii/TrueTech/task1/SonicHedgehog/install/sonic_hedgehog/share/sonic_hedgehog/maps
[0.779s] Invoked command in '/home/gennadii/TrueTech/task1/SonicHedgehog/build/sonic_hedgehog' returned '1': AMENT_PREFIX_PATH=/home/gennadii/TrueTech/task1/SonicHedgehog/install/webots_adapter:/home/gennadii/TrueTech/task1/SonicHedgehog/install/visualization:/home/gennadii/TrueTech/task1/SonicHedgehog/install/slam_toolbox_interface:/home/gennadii/TrueTech/task1/SonicHedgehog/install/sonic_hedgehog:/opt/ros/jazzy CONDA_PROMPT_MODIFIER=(sonic) DEBUGINFOD_URLS=https://debuginfod.ubuntu.com PYTHONPATH=/home/gennadii/TrueTech/task1/SonicHedgehog/build/sonic_hedgehog/prefix_override:/home/gennadii/miniconda3/envs/sonic/lib/python3.12/site-packages/colcon_core/task/python/colcon_distutils_commands:/home/gennadii/TrueTech/task1/SonicHedgehog/install/sonic_hedgehog/lib/python3.12/site-packages:/home/gennadii/TrueTech/task1/SonicHedgehog/build/webots_adapter:/home/gennadii/TrueTech/task1/SonicHedgehog/install/webots_adapter/lib/python3.12/site-packages:/home/gennadii/TrueTech/task1/SonicHedgehog/build/visualization:/home/gennadii/TrueTech/task1/SonicHedgehog/install/visualization/lib/python3.12/site-packages:/home/gennadii/TrueTech/task1/SonicHedgehog/build/slam_toolbox_interface:/home/gennadii/TrueTech/task1/SonicHedgehog/install/slam_toolbox_interface/lib/python3.12/site-packages:/home/gennadii/TrueTech/task1/SonicHedgehog/build/sonic_hedgehog:/home/gennadii/TrueTech/task1/SonicHedgehog/install/sonic_hedgehog/lib/python3.12/site-packages:/opt/ros/jazzy/lib/python3.12/site-packages /home/gennadii/miniconda3/envs/sonic/bin/python3.12 -W ignore:setup.py install is deprecated -W ignore:easy_install command is deprecated setup.py develop --editable --build-directory /home/gennadii/TrueTech/task1/SonicHedgehog/build/sonic_hedgehog/build --no-deps symlink_data
