running develop
running egg_info
creating webots_adapter.egg-info
writing webots_adapter.egg-info/PKG-INFO
writing dependency_links to webots_adapter.egg-info/dependency_links.txt
writing entry points to webots_adapter.egg-info/entry_points.txt
writing requirements to webots_adapter.egg-info/requires.txt
writing top-level names to webots_adapter.egg-info/top_level.txt
writing manifest file 'webots_adapter.egg-info/SOURCES.txt'
reading manifest file 'webots_adapter.egg-info/SOURCES.txt'
writing manifest file 'webots_adapter.egg-info/SOURCES.txt'
running build_ext
Creating /home/gennadii/TrueTech/task1/SonicHedgehog/install/webots_adapter/lib/python3.12/site-packages/webots-adapter.egg-link (link to .)
Installing webots_adapter_node script to /home/gennadii/TrueTech/task1/SonicHedgehog/install/webots_adapter/lib/webots_adapter

Installed /home/gennadii/TrueTech/task1/SonicHedgehog/build/webots_adapter
running symlink_data
creating /home/gennadii/TrueTech/task1/SonicHedgehog/install/webots_adapter/share/ament_index/resource_index/packages
symbolically linking /home/gennadii/TrueTech/task1/SonicHedgehog/build/webots_adapter/resource/webots_adapter -> /home/gennadii/TrueTech/task1/SonicHedgehog/install/webots_adapter/share/ament_index/resource_index/packages
symbolically linking /home/gennadii/TrueTech/task1/SonicHedgehog/build/webots_adapter/package.xml -> /home/gennadii/TrueTech/task1/SonicHedgehog/install/webots_adapter/share/webots_adapter
creating /home/gennadii/TrueTech/task1/SonicHedgehog/install/webots_adapter/share/webots_adapter/launch
symbolically linking /home/gennadii/TrueTech/task1/SonicHedgehog/build/webots_adapter/launch/webots_adapter_launch.py -> /home/gennadii/TrueTech/task1/SonicHedgehog/install/webots_adapter/share/webots_adapter/launch
