[0.787s] Invoking command in '/home/gennadii/TrueTech/task1/SonicHedgehog/build/webots_adapter': CONDA_PROMPT_MODIFIER=(sonic) DEBUGINFOD_URLS=https://debuginfod.ubuntu.com PYTHONPATH=/home/gennadii/TrueTech/task1/SonicHedgehog/build/webots_adapter/prefix_override:/home/gennadii/miniconda3/envs/sonic/lib/python3.12/site-packages/colcon_core/task/python/colcon_distutils_commands:/home/gennadii/TrueTech/task1/SonicHedgehog/install/webots_adapter/lib/python3.12/site-packages:${PYTHONPATH} /home/gennadii/miniconda3/envs/sonic/bin/python3.12 -W ignore:setup.py install is deprecated -W ignore:easy_install command is deprecated setup.py develop --editable --build-directory /home/gennadii/TrueTech/task1/SonicHedgehog/build/webots_adapter/build --no-deps symlink_data
[0.963s] running develop
[1.041s] running egg_info
[1.050s] creating webots_adapter.egg-info
[1.050s] writing webots_adapter.egg-info/PKG-INFO
[1.050s] writing dependency_links to webots_adapter.egg-info/dependency_links.txt
[1.050s] writing entry points to webots_adapter.egg-info/entry_points.txt
[1.050s] writing requirements to webots_adapter.egg-info/requires.txt
[1.051s] writing top-level names to webots_adapter.egg-info/top_level.txt
[1.051s] writing manifest file 'webots_adapter.egg-info/SOURCES.txt'
[1.067s] reading manifest file 'webots_adapter.egg-info/SOURCES.txt'
[1.068s] writing manifest file 'webots_adapter.egg-info/SOURCES.txt'
[1.077s] running build_ext
[1.077s] Creating /home/gennadii/TrueTech/task1/SonicHedgehog/install/webots_adapter/lib/python3.12/site-packages/webots-adapter.egg-link (link to .)
[1.078s] Installing webots_adapter_node script to /home/gennadii/TrueTech/task1/SonicHedgehog/install/webots_adapter/lib/webots_adapter
[1.078s] 
[1.078s] Installed /home/gennadii/TrueTech/task1/SonicHedgehog/build/webots_adapter
[1.078s] running symlink_data
[1.079s] creating /home/gennadii/TrueTech/task1/SonicHedgehog/install/webots_adapter/share/ament_index/resource_index/packages
[1.079s] symbolically linking /home/gennadii/TrueTech/task1/SonicHedgehog/build/webots_adapter/resource/webots_adapter -> /home/gennadii/TrueTech/task1/SonicHedgehog/install/webots_adapter/share/ament_index/resource_index/packages
[1.079s] symbolically linking /home/gennadii/TrueTech/task1/SonicHedgehog/build/webots_adapter/package.xml -> /home/gennadii/TrueTech/task1/SonicHedgehog/install/webots_adapter/share/webots_adapter
[1.079s] creating /home/gennadii/TrueTech/task1/SonicHedgehog/install/webots_adapter/share/webots_adapter/launch
[1.079s] symbolically linking /home/gennadii/TrueTech/task1/SonicHedgehog/build/webots_adapter/launch/webots_adapter_launch.py -> /home/gennadii/TrueTech/task1/SonicHedgehog/install/webots_adapter/share/webots_adapter/launch
[1.131s] Invoked command in '/home/gennadii/TrueTech/task1/SonicHedgehog/build/webots_adapter' returned '0': CONDA_PROMPT_MODIFIER=(sonic) DEBUGINFOD_URLS=https://debuginfod.ubuntu.com PYTHONPATH=/home/gennadii/TrueTech/task1/SonicHedgehog/build/webots_adapter/prefix_override:/home/gennadii/miniconda3/envs/sonic/lib/python3.12/site-packages/colcon_core/task/python/colcon_distutils_commands:/home/gennadii/TrueTech/task1/SonicHedgehog/install/webots_adapter/lib/python3.12/site-packages:${PYTHONPATH} /home/gennadii/miniconda3/envs/sonic/bin/python3.12 -W ignore:setup.py install is deprecated -W ignore:easy_install command is deprecated setup.py develop --editable --build-directory /home/gennadii/TrueTech/task1/SonicHedgehog/build/webots_adapter/build --no-deps symlink_data
