[0.806s] Invoking command in '/home/gennadii/TrueTech/task1/SonicHedgehog/build/slam_toolbox_interface': CONDA_PROMPT_MODIFIER=(sonic) DEBUGINFOD_URLS=https://debuginfod.ubuntu.com PYTHONPATH=/home/gennadii/TrueTech/task1/SonicHedgehog/build/slam_toolbox_interface/prefix_override:/home/gennadii/miniconda3/envs/sonic/lib/python3.12/site-packages/colcon_core/task/python/colcon_distutils_commands:/home/gennadii/TrueTech/task1/SonicHedgehog/install/slam_toolbox_interface/lib/python3.12/site-packages:${PYTHONPATH} /home/gennadii/miniconda3/envs/sonic/bin/python3.12 -W ignore:setup.py install is deprecated -W ignore:easy_install command is deprecated setup.py develop --editable --build-directory /home/gennadii/TrueTech/task1/SonicHedgehog/build/slam_toolbox_interface/build --no-deps symlink_data
[0.987s] running develop
[1.066s] running egg_info
[1.074s] creating slam_toolbox_interface.egg-info
[1.075s] writing slam_toolbox_interface.egg-info/PKG-INFO
[1.075s] writing dependency_links to slam_toolbox_interface.egg-info/dependency_links.txt
[1.075s] writing entry points to slam_toolbox_interface.egg-info/entry_points.txt
[1.075s] writing requirements to slam_toolbox_interface.egg-info/requires.txt
[1.075s] writing top-level names to slam_toolbox_interface.egg-info/top_level.txt
[1.075s] writing manifest file 'slam_toolbox_interface.egg-info/SOURCES.txt'
[1.093s] reading manifest file 'slam_toolbox_interface.egg-info/SOURCES.txt'
[1.093s] writing manifest file 'slam_toolbox_interface.egg-info/SOURCES.txt'
[1.104s] running build_ext
[1.104s] Creating /home/gennadii/TrueTech/task1/SonicHedgehog/install/slam_toolbox_interface/lib/python3.12/site-packages/slam-toolbox-interface.egg-link (link to .)
[1.104s] Installing slam_wrapper_node script to /home/gennadii/TrueTech/task1/SonicHedgehog/install/slam_toolbox_interface/lib/slam_toolbox_interface
[1.105s] 
[1.105s] Installed /home/gennadii/TrueTech/task1/SonicHedgehog/build/slam_toolbox_interface
[1.105s] running symlink_data
[1.105s] creating /home/gennadii/TrueTech/task1/SonicHedgehog/install/slam_toolbox_interface/share/ament_index/resource_index/packages
[1.105s] symbolically linking /home/gennadii/TrueTech/task1/SonicHedgehog/build/slam_toolbox_interface/resource/slam_toolbox_interface -> /home/gennadii/TrueTech/task1/SonicHedgehog/install/slam_toolbox_interface/share/ament_index/resource_index/packages
[1.105s] symbolically linking /home/gennadii/TrueTech/task1/SonicHedgehog/build/slam_toolbox_interface/package.xml -> /home/gennadii/TrueTech/task1/SonicHedgehog/install/slam_toolbox_interface/share/slam_toolbox_interface
[1.105s] creating /home/gennadii/TrueTech/task1/SonicHedgehog/install/slam_toolbox_interface/share/slam_toolbox_interface/launch
[1.106s] symbolically linking /home/gennadii/TrueTech/task1/SonicHedgehog/build/slam_toolbox_interface/launch/slam_toolbox_interface_launch.py -> /home/gennadii/TrueTech/task1/SonicHedgehog/install/slam_toolbox_interface/share/slam_toolbox_interface/launch
[1.106s] creating /home/gennadii/TrueTech/task1/SonicHedgehog/install/slam_toolbox_interface/share/slam_toolbox_interface/configs
[1.106s] symbolically linking /home/gennadii/TrueTech/task1/SonicHedgehog/build/slam_toolbox_interface/configs/slam_toolbox.yaml -> /home/gennadii/TrueTech/task1/SonicHedgehog/install/slam_toolbox_interface/share/slam_toolbox_interface/configs
[1.164s] Invoked command in '/home/gennadii/TrueTech/task1/SonicHedgehog/build/slam_toolbox_interface' returned '0': CONDA_PROMPT_MODIFIER=(sonic) DEBUGINFOD_URLS=https://debuginfod.ubuntu.com PYTHONPATH=/home/gennadii/TrueTech/task1/SonicHedgehog/build/slam_toolbox_interface/prefix_override:/home/gennadii/miniconda3/envs/sonic/lib/python3.12/site-packages/colcon_core/task/python/colcon_distutils_commands:/home/gennadii/TrueTech/task1/SonicHedgehog/install/slam_toolbox_interface/lib/python3.12/site-packages:${PYTHONPATH} /home/gennadii/miniconda3/envs/sonic/bin/python3.12 -W ignore:setup.py install is deprecated -W ignore:easy_install command is deprecated setup.py develop --editable --build-directory /home/gennadii/TrueTech/task1/SonicHedgehog/build/slam_toolbox_interface/build --no-deps symlink_data
