running develop
running egg_info
creating visualization.egg-info
writing visualization.egg-info/PKG-INFO
writing dependency_links to visualization.egg-info/dependency_links.txt
writing entry points to visualization.egg-info/entry_points.txt
writing requirements to visualization.egg-info/requires.txt
writing top-level names to visualization.egg-info/top_level.txt
writing manifest file 'visualization.egg-info/SOURCES.txt'
reading manifest file 'visualization.egg-info/SOURCES.txt'
writing manifest file 'visualization.egg-info/SOURCES.txt'
running build_ext
Creating /home/gennadii/TrueTech/task1/SonicHedgehog/install/visualization/lib/python3.12/site-packages/visualization.egg-link (link to .)
Installing visualization_node script to /home/gennadii/TrueTech/task1/SonicHedgehog/install/visualization/lib/visualization

Installed /home/gennadii/TrueTech/task1/SonicHedgehog/build/visualization
running symlink_data
creating /home/gennadii/TrueTech/task1/SonicHedgehog/install/visualization/share/ament_index/resource_index/packages
symbolically linking /home/gennadii/TrueTech/task1/SonicHedgehog/build/visualization/resource/visualization -> /home/gennadii/TrueTech/task1/SonicHedgehog/install/visualization/share/ament_index/resource_index/packages
symbolically linking /home/gennadii/TrueTech/task1/SonicHedgehog/build/visualization/package.xml -> /home/gennadii/TrueTech/task1/SonicHedgehog/install/visualization/share/visualization
symbolically linking /home/gennadii/TrueTech/task1/SonicHedgehog/build/visualization/rviz_config.rviz -> /home/gennadii/TrueTech/task1/SonicHedgehog/install/visualization/share/visualization
